#
# There is insufficient memory for the Java Runtime Environment to continue.
# Native memory allocation (malloc) failed to allocate 1048576 bytes for AllocateHeap
# Possible reasons:
#   The system is out of physical RAM or swap space
#   The process is running with CompressedOops enabled, and the Java Heap may be blocking the growth of the native heap
# Possible solutions:
#   Reduce memory load on the system
#   Increase physical memory or swap space
#   Check if swap backing store is full
#   Decrease Java heap size (-Xmx/-Xms)
#   Decrease number of Java threads
#   Decrease Java thread stack sizes (-Xss)
#   Set larger code cache with -XX:ReservedCodeCacheSize=
#   JVM is running with Zero Based Compressed Oops mode in which the Java heap is
#     placed in the first 32GB address space. The Java Heap base address is the
#     maximum limit for the native heap growth. Please use -XX:HeapBaseMinAddress
#     to set the Java Heap base and to place the Java Heap above 32GB virtual address.
# This output file may be truncated or incomplete.
#
#  Out of Memory Error (memory/allocation.inline.hpp:61), pid=11904, tid=0x0000000000002674
#
# JRE version:  (8.0_242-b01) (build )
# Java VM: OpenJDK 64-Bit Server VM (25.242-b01 mixed mode windows-amd64 compressed oops)
# Failed to write core dump. Minidumps are not enabled by default on client versions of Windows
#

---------------  T H R E A D  ---------------

Current thread (0x00000000033d2800):  JavaThread "Unknown thread" [_thread_in_vm, id=9844, stack(0x00000000032d0000,0x00000000033d0000)]

Stack: [0x00000000032d0000,0x00000000033d0000]
[error occurred during error reporting (printing stack bounds), id 0xc0000005]

Native frames: (J=compiled Java code, j=interpreted, Vv=VM code, C=native code)


---------------  P R O C E S S  ---------------

Java Threads: ( => current thread )

Other Threads:

=>0x00000000033d2800 (exited) JavaThread "Unknown thread" [_thread_in_vm, id=9844, stack(0x00000000032d0000,0x00000000033d0000)]

VM state:not at safepoint (normal execution)

VM Mutex/Monitor currently owned by a thread: None

heap address: 0x00000006c1a00000, size: 4070 MB, Compressed Oops mode: Zero based, Oop shift amount: 3
Narrow klass base: 0x0000000000000000, Narrow klass shift: 3
Compressed class space size: 1073741824 Address: 0x00000007c0000000

Heap:
 PSYoungGen      total 76288K, used 1310K [0x000000076b380000, 0x0000000770880000, 0x00000007c0000000)
  eden space 65536K, 2% used [0x000000076b380000,0x000000076b4c7af0,0x000000076f380000)
  from space 10752K, 0% used [0x000000076fe00000,0x000000076fe00000,0x0000000770880000)
  to   space 10752K, 0% used [0x000000076f380000,0x000000076f380000,0x000000076fe00000)
 ParOldGen       total 175104K, used 0K [0x00000006c1a00000, 0x00000006cc500000, 0x000000076b380000)
  object space 175104K, 0% used [0x00000006c1a00000,0x00000006c1a00000,0x00000006cc500000)
 Metaspace       used 779K, capacity 4480K, committed 4480K, reserved 1056768K
  class space    used 74K, capacity 384K, committed 384K, reserved 1048576K

Card table byte_map: [0x0000000012890000,0x0000000013090000] byte_map_base: 0x000000000f283000

Marking Bits: (ParMarkBitMap*) 0x000000006818f030
 Begin Bits: [0x0000000013fe0000, 0x0000000017f78000)
 End Bits:   [0x0000000017f78000, 0x000000001bf10000)

Polling page: 0x0000000003180000

CodeCache: size=245760Kb used=328Kb max_used=328Kb free=245431Kb
 bounds [0x00000000034d0000, 0x0000000003740000, 0x00000000124d0000]
 total_blobs=57 nmethods=0 adapters=38
 compilation: enabled

Compilation events (0 events):
No events

GC Heap History (0 events):
No events

Deoptimization events (0 events):
No events

Classes redefined (0 events):
No events

Internal exceptions (0 events):
No events

Events (10 events):
Event: 0.067 loading class java/lang/Short
Event: 0.067 loading class java/lang/Short done
Event: 0.067 loading class java/lang/Integer
Event: 0.067 loading class java/lang/Integer done
Event: 0.067 loading class java/lang/Long
Event: 0.067 loading class java/lang/Long done
Event: 0.069 loading class java/lang/NullPointerException
Event: 0.069 loading class java/lang/NullPointerException done
Event: 0.069 loading class java/lang/ArithmeticException
Event: 0.069 loading class java/lang/ArithmeticException done


Dynamic libraries:
0x00007ff6eb710000 - 0x00007ff6eb741000 	C:\Program Files\Android\Android Studio\jre\jre\bin\java.exe
0x00007ffabb730000 - 0x00007ffabb926000 	C:\WINDOWS\SYSTEM32\ntdll.dll
0x00007ffaba710000 - 0x00007ffaba7cd000 	C:\WINDOWS\System32\KERNEL32.DLL
0x00007ffab9010000 - 0x00007ffab92d8000 	C:\WINDOWS\System32\KERNELBASE.dll
0x00007ffabae80000 - 0x00007ffabaf2c000 	C:\WINDOWS\System32\ADVAPI32.dll
0x00007ffabb420000 - 0x00007ffabb4be000 	C:\WINDOWS\System32\msvcrt.dll
0x00007ffab9a30000 - 0x00007ffab9acb000 	C:\WINDOWS\System32\sechost.dll
0x00007ffabad50000 - 0x00007ffabae74000 	C:\WINDOWS\System32\RPCRT4.dll
0x00007ffaba4e0000 - 0x00007ffaba680000 	C:\WINDOWS\System32\USER32.dll
0x00007ffab9440000 - 0x00007ffab9462000 	C:\WINDOWS\System32\win32u.dll
0x00007ffabab40000 - 0x00007ffabab6a000 	C:\WINDOWS\System32\GDI32.dll
0x00007ffab94d0000 - 0x00007ffab95d9000 	C:\WINDOWS\System32\gdi32full.dll
0x00007ffab8ec0000 - 0x00007ffab8f5d000 	C:\WINDOWS\System32\msvcp_win.dll
0x00007ffab9660000 - 0x00007ffab9760000 	C:\WINDOWS\System32\ucrtbase.dll
0x00007ffa9e3e0000 - 0x00007ffa9e67b000 	C:\WINDOWS\WinSxS\amd64_microsoft.windows.common-controls_6595b64144ccf1df_6.0.19041.488_none_ca04af081b815d21\COMCTL32.dll
0x00007ffab9850000 - 0x00007ffab9880000 	C:\WINDOWS\System32\IMM32.DLL
0x0000000066ef0000 - 0x0000000066fc2000 	C:\Program Files\Android\Android Studio\jre\jre\bin\msvcr100.dll
0x00000000679c0000 - 0x000000006820b000 	C:\Program Files\Android\Android Studio\jre\jre\bin\server\jvm.dll
0x00007ffab9a20000 - 0x00007ffab9a28000 	C:\WINDOWS\System32\PSAPI.DLL
0x00007ffab0290000 - 0x00007ffab02b7000 	C:\WINDOWS\SYSTEM32\WINMM.dll
0x00007ffaa8e20000 - 0x00007ffaa8e29000 	C:\WINDOWS\SYSTEM32\WSOCK32.dll
0x00007ffab1340000 - 0x00007ffab134a000 	C:\WINDOWS\SYSTEM32\VERSION.dll
0x00007ffabb4d0000 - 0x00007ffabb53b000 	C:\WINDOWS\System32\WS2_32.dll
0x00007ffab4e20000 - 0x00007ffab4e2f000 	C:\Program Files\Android\Android Studio\jre\jre\bin\verify.dll
0x00007ffab4d20000 - 0x00007ffab4d49000 	C:\Program Files\Android\Android Studio\jre\jre\bin\java.dll
0x00007ffab3050000 - 0x00007ffab3066000 	C:\Program Files\Android\Android Studio\jre\jre\bin\zip.dll

VM Arguments:
java_command: org.jetbrains.git4idea.http.GitAskPassApp Username for 'https://github.com': 
java_class_path (initial): C:/Program Files/Android/Android Studio/plugins/git4idea/lib/git4idea-rt.jar;C:/Program Files/Android/Android Studio/lib/xmlrpc-2.0.1.jar;C:/Program Files/Android/Android Studio/lib/commons-codec-1.14.jar;C:/Program Files/Android/Android Studio/lib/util.jar
Launcher Type: SUN_STANDARD

Environment Variables:
PATH=C:\Program Files\Git\mingw64\libexec\git-core;C:\Program Files\Git\mingw64\libexec\git-core;C:\Program Files\Git\mingw64\bin;C:\Program Files\Git\usr\bin;C:\Users\azize\bin;C:\Program Files (x86)\Common Files\Oracle\Java\javapath;C:\WINDOWS\system32;C:\WINDOWS;C:\WINDOWS\System32\Wbem;C:\WINDOWS\System32\WindowsPowerShell\v1.0;C:\WINDOWS\System32\OpenSSH;C:\Program Files\dotnet;C:\Program Files\Microsoft SQL Server\130\Tools\Binn;C:\Program Files\Microsoft SQL Server\Client SDK\ODBC\170\Tools\Binn;C:\Program Files (x86)\Microsoft SQL Server\Client SDK\ODBC\130\Tools\Binn;C:\Program Files (x86)\Microsoft SQL Server\140\Tools\Binn;C:\Program Files (x86)\Microsoft SQL Server\140\DTS\Binn;C:\Program Files (x86)\Microsoft SQL Server\140\Tools\Binn\ManagementStudio;C:\Program Files\Microsoft SQL Server\Client SDK\ODBC\130\Tools\Binn;C:\Program Files\Microsoft SQL Server\140\Tools\Binn;C:\Program Files\Microsoft SQL Server\140\DTS\Binn;C:\Program Files\nodejs;C:\Program Files\Git\cmd;C:\Program Files (x86)\Microsoft SQL Server\110\DTS\Binn;C:\Program Files (x86)\Microsoft SQL Server\120\DTS\Binn;C:\Program Files (x86)\Microsoft SQL Server\130\DTS\Binn;C:\Program Files (x86)\Microsoft SQL Server\150\DTS\Binn;C:\Users\azize\AppData\Local\Microsoft\WindowsApps;C:\Users\azize\AppData\Local\Programs\Microsoft VS Code\bin;C:\Users\azize\.dotnet\tools;C:\Users\azize\AppData\Local\Microsoft\WindowsApps;C:\Users\azize\AppData\Roaming\npm
USERNAME=azize
DISPLAY=:0.0
OS=Windows_NT
PROCESSOR_IDENTIFIER=Intel64 Family 6 Model 158 Stepping 10, GenuineIntel



---------------  S Y S T E M  ---------------

OS: Windows 10.0 , 64 bit Build 19041 (10.0.19041.546)

CPU:total 12 (initial active 12) (6 cores per cpu, 2 threads per core) family 6 model 158 stepping 10, cmov, cx8, fxsr, mmx, sse, sse2, sse3, ssse3, sse4.1, sse4.2, popcnt, avx, avx2, aes, clmul, erms, rtm, 3dnowpref, lzcnt, ht, tsc, tscinvbit, bmi1, bmi2, adx

Memory: 4k page, physical 16668844k(2089768k free), swap 24663468k(5928k free)

vm_info: OpenJDK 64-Bit Server VM (25.242-b01) for windows-amd64 JRE (1.8.0_242-release-1644-b01), built by "builder" with MS VC++ 10.0 (VS2010)

time: Sun Nov 29 15:20:00 2020
timezone: Romance Standard Time
elapsed time: 0 seconds (0d 0h 0m 0s)

