#
# There is insufficient memory for the Java Runtime Environment to continue.
# Native memory allocation (malloc) failed to allocate 135216 bytes for Chunk::new
# Possible reasons:
#   The system is out of physical RAM or swap space
#   The process is running with CompressedOops enabled, and the Java Heap may be blocking the growth of the native heap
# Possible solutions:
#   Reduce memory load on the system
#   Increase physical memory or swap space
#   Check if swap backing store is full
#   Decrease Java heap size (-Xmx/-Xms)
#   Decrease number of Java threads
#   Decrease Java thread stack sizes (-Xss)
#   Set larger code cache with -XX:ReservedCodeCacheSize=
#   JVM is running with Unscaled Compressed Oops mode in which the Java heap is
#     placed in the first 4GB address space. The Java Heap base address is the
#     maximum limit for the native heap growth. Please use -XX:HeapBaseMinAddress
#     to set the Java Heap base and to place the Java Heap above 4GB virtual address.
# This output file may be truncated or incomplete.
#
#  Out of Memory Error (allocation.cpp:389), pid=68904, tid=0x000000000000f134
#
# JRE version: OpenJDK Runtime Environment (8.0_242-b01) (build 1.8.0_242-release-1644-b01)
# Java VM: OpenJDK 64-Bit Server VM (25.242-b01 mixed mode windows-amd64 compressed oops)
# Failed to write core dump. Minidumps are not enabled by default on client versions of Windows
#

---------------  T H R E A D  ---------------

Current thread (0x0000000019c55000):  JavaThread "C2 CompilerThread1" daemon [_thread_in_native, id=61748, stack(0x000000001a620000,0x000000001a720000)]

Stack: [0x000000001a620000,0x000000001a720000]
[error occurred during error reporting (printing stack bounds), id 0xc0000005]

Native frames: (J=compiled Java code, j=interpreted, Vv=VM code, C=native code)


Current CompileTask:
C2:   4958 1798       4       java.io.DataOutputStream::writeShort (35 bytes)


---------------  P R O C E S S  ---------------

Java Threads: ( => current thread )
  0x000000001cda8000 JavaThread "Cache worker for file hash cache (D:\Projecten\Android\projecten3-2021-android-f4_1\.gradle\6.1.1\fileHashes)" [_thread_blocked, id=56064, stack(0x0000000022240000,0x0000000022340000)]
  0x000000001cda4800 JavaThread "Cache worker for checksums cache (D:\Projecten\Android\projecten3-2021-android-f4_1\.gradle\checksums)" [_thread_blocked, id=64396, stack(0x0000000022140000,0x0000000022240000)]
  0x000000001cda1800 JavaThread "Cache worker for file hash cache (C:\Users\Lukas Kindt\.gradle\caches\6.1.1\fileHashes)" [_thread_blocked, id=62484, stack(0x000000001ea70000,0x000000001eb70000)]
  0x000000001cda7800 JavaThread "File lock request listener" [_thread_in_native, id=59960, stack(0x000000001e970000,0x000000001ea70000)]
  0x000000001cdf0000 JavaThread "Cache worker for journal cache (C:\Users\Lukas Kindt\.gradle\caches\journal-1)" [_thread_blocked, id=63452, stack(0x000000001e870000,0x000000001e970000)]
  0x000000001bd55800 JavaThread "Thread-9" [_thread_blocked, id=62112, stack(0x000000001e570000,0x000000001e670000)]
  0x000000001cc33000 JavaThread "Stdin handler" [_thread_blocked, id=63012, stack(0x000000001e470000,0x000000001e570000)]
  0x000000001cc32800 JavaThread "Asynchronous log dispatcher for DefaultDaemonConnection: socket connection from /127.0.0.1:54196 to /127.0.0.1:54197" [_thread_blocked, id=62104, stack(0x000000001e270000,0x000000001e370000)]
  0x000000001b877000 JavaThread "Daemon worker" [_thread_in_Java, id=59484, stack(0x000000001e170000,0x000000001e270000)]
  0x000000001b874000 JavaThread "Cancel handler" [_thread_blocked, id=27644, stack(0x000000001e070000,0x000000001e170000)]
  0x000000001c697800 JavaThread "Handler for socket connection from /127.0.0.1:54196 to /127.0.0.1:54197" [_thread_in_native, id=61432, stack(0x000000001dd70000,0x000000001de70000)]
  0x000000001be12800 JavaThread "Daemon" [_thread_blocked, id=62996, stack(0x000000001dc70000,0x000000001dd70000)]
  0x000000001c9e3800 JavaThread "Daemon periodic checks" [_thread_blocked, id=59840, stack(0x000000001db70000,0x000000001dc70000)]
  0x000000001c9e2000 JavaThread "Incoming local TCP Connector on port 54196" [_thread_in_native, id=60528, stack(0x000000001d930000,0x000000001da30000)]
  0x000000001cb78800 JavaThread "Daemon health stats" [_thread_blocked, id=63304, stack(0x000000001c2f0000,0x000000001c3f0000)]
  0x0000000019cdb000 JavaThread "Service Thread" daemon [_thread_blocked, id=61660, stack(0x000000001a920000,0x000000001aa20000)]
  0x0000000019c65000 JavaThread "C1 CompilerThread3" daemon [_thread_blocked, id=60784, stack(0x000000001a820000,0x000000001a920000)]
  0x0000000019c61800 JavaThread "C2 CompilerThread2" daemon [_thread_blocked, id=59364, stack(0x000000001a720000,0x000000001a820000)]
=>0x0000000019c55000 JavaThread "C2 CompilerThread1" daemon [_thread_in_native, id=61748, stack(0x000000001a620000,0x000000001a720000)]
  0x0000000019c52000 JavaThread "C2 CompilerThread0" daemon [_thread_blocked, id=57032, stack(0x000000001a520000,0x000000001a620000)]
  0x0000000019c4f800 JavaThread "Attach Listener" daemon [_thread_blocked, id=46456, stack(0x000000001a420000,0x000000001a520000)]
  0x0000000017e6e800 JavaThread "Signal Dispatcher" daemon [_thread_blocked, id=58712, stack(0x000000001a320000,0x000000001a420000)]
  0x0000000002dec800 JavaThread "Finalizer" daemon [_thread_blocked, id=70452, stack(0x000000001a120000,0x000000001a220000)]
  0x0000000019c40800 JavaThread "Reference Handler" daemon [_thread_blocked, id=60996, stack(0x000000001a020000,0x000000001a120000)]
  0x0000000002cf2800 JavaThread "main" [_thread_blocked, id=71276, stack(0x0000000002b40000,0x0000000002c40000)]

Other Threads:
  0x0000000017e56800 VMThread [stack: 0x0000000019b20000,0x0000000019c20000] [id=60436]
  0x0000000019cdc000 WatcherThread [stack: 0x000000001aa20000,0x000000001ab20000] [id=34176]

VM state:not at safepoint (normal execution)

VM Mutex/Monitor currently owned by a thread: None

heap address: 0x0000000080000000, size: 2048 MB, Compressed Oops mode: 32-bit
Narrow klass base: 0x0000000000000000, Narrow klass shift: 3
Compressed class space size: 1073741824 Address: 0x0000000100000000

Heap:
 PSYoungGen      total 76288K, used 63681K [0x00000000d5580000, 0x00000000daa80000, 0x0000000100000000)
  eden space 65536K, 82% used [0x00000000d5580000,0x00000000d8a9ad28,0x00000000d9580000)
  from space 10752K, 86% used [0x00000000da000000,0x00000000da915780,0x00000000daa80000)
  to   space 10752K, 0% used [0x00000000d9580000,0x00000000d9580000,0x00000000da000000)
 ParOldGen       total 175104K, used 24K [0x0000000080000000, 0x000000008ab00000, 0x00000000d5580000)
  object space 175104K, 0% used [0x0000000080000000,0x0000000080006000,0x000000008ab00000)
 Metaspace       used 19188K, capacity 19810K, committed 20096K, reserved 1067008K
  class space    used 2658K, capacity 2837K, committed 2944K, reserved 1048576K

Card table byte_map: [0x00000000121b0000,0x00000000125c0000] byte_map_base: 0x0000000011db0000

Marking Bits: (ParMarkBitMap*) 0x0000000077f7f030
 Begin Bits: [0x0000000013070000, 0x0000000015070000)
 End Bits:   [0x0000000015070000, 0x0000000017070000)

Polling page: 0x0000000001150000

CodeCache: size=245760Kb used=6473Kb max_used=6473Kb free=239286Kb
 bounds [0x0000000002df0000, 0x0000000003450000, 0x0000000011df0000]
 total_blobs=2217 nmethods=1802 adapters=328
 compilation: enabled

Compilation events (10 events):
Event: 4.944 Thread 0x0000000019c65000 1800       3       java.io.ByteArrayOutputStream::<init> (7 bytes)
Event: 4.944 Thread 0x0000000019c65000 nmethod 1800 0x000000000343da90 code [0x000000000343dc00, 0x000000000343dd88]
Event: 4.950 Thread 0x0000000019c65000 1802       3       java.util.Arrays::asList (9 bytes)
Event: 4.950 Thread 0x0000000019c65000 nmethod 1802 0x0000000003445190 code [0x0000000003445320, 0x0000000003445788]
Event: 4.950 Thread 0x0000000019c65000 1803       3       java.util.Arrays$ArrayList::<init> (16 bytes)
Event: 4.950 Thread 0x0000000019c65000 nmethod 1803 0x0000000003445a10 code [0x0000000003445ba0, 0x0000000003445f88]
Event: 4.955 Thread 0x0000000019c65000 1804       1       java.lang.invoke.InnerClassLambdaMetafactory::access$300 (5 bytes)
Event: 4.955 Thread 0x0000000019c65000 nmethod 1804 0x000000000343d550 code [0x000000000343d6a0, 0x000000000343d790]
Event: 4.956 Thread 0x0000000019c65000 1805       3       sun.reflect.ConstructorAccessorImpl::<init> (5 bytes)
Event: 4.956 Thread 0x0000000019c65000 nmethod 1805 0x0000000003436ad0 code [0x0000000003436c40, 0x0000000003436e50]

GC Heap History (4 events):
Event: 1.682 GC heap before
{Heap before GC invocations=1 (full 0):
 PSYoungGen      total 76288K, used 65536K [0x00000000d5580000, 0x00000000daa80000, 0x0000000100000000)
  eden space 65536K, 100% used [0x00000000d5580000,0x00000000d9580000,0x00000000d9580000)
  from space 10752K, 0% used [0x00000000da000000,0x00000000da000000,0x00000000daa80000)
  to   space 10752K, 0% used [0x00000000d9580000,0x00000000d9580000,0x00000000da000000)
 ParOldGen       total 175104K, used 0K [0x0000000080000000, 0x000000008ab00000, 0x00000000d5580000)
  object space 175104K, 0% used [0x0000000080000000,0x0000000080000000,0x000000008ab00000)
 Metaspace       used 7370K, capacity 7568K, committed 7680K, reserved 1056768K
  class space    used 892K, capacity 968K, committed 1024K, reserved 1048576K
Event: 1.693 GC heap after
Heap after GC invocations=1 (full 0):
 PSYoungGen      total 76288K, used 5484K [0x00000000d5580000, 0x00000000daa80000, 0x0000000100000000)
  eden space 65536K, 0% used [0x00000000d5580000,0x00000000d5580000,0x00000000d9580000)
  from space 10752K, 51% used [0x00000000d9580000,0x00000000d9adb060,0x00000000da000000)
  to   space 10752K, 0% used [0x00000000da000000,0x00000000da000000,0x00000000daa80000)
 ParOldGen       total 175104K, used 16K [0x0000000080000000, 0x000000008ab00000, 0x00000000d5580000)
  object space 175104K, 0% used [0x0000000080000000,0x0000000080004000,0x000000008ab00000)
 Metaspace       used 7370K, capacity 7568K, committed 7680K, reserved 1056768K
  class space    used 892K, capacity 968K, committed 1024K, reserved 1048576K
}
Event: 3.661 GC heap before
{Heap before GC invocations=2 (full 0):
 PSYoungGen      total 76288K, used 70855K [0x00000000d5580000, 0x00000000daa80000, 0x0000000100000000)
  eden space 65536K, 99% used [0x00000000d5580000,0x00000000d9556d60,0x00000000d9580000)
  from space 10752K, 51% used [0x00000000d9580000,0x00000000d9adb060,0x00000000da000000)
  to   space 10752K, 0% used [0x00000000da000000,0x00000000da000000,0x00000000daa80000)
 ParOldGen       total 175104K, used 16K [0x0000000080000000, 0x000000008ab00000, 0x00000000d5580000)
  object space 175104K, 0% used [0x0000000080000000,0x0000000080004000,0x000000008ab00000)
 Metaspace       used 14220K, capacity 14598K, committed 14976K, reserved 1062912K
  class space    used 1938K, capacity 2089K, committed 2176K, reserved 1048576K
Event: 3.672 GC heap after
Heap after GC invocations=2 (full 0):
 PSYoungGen      total 76288K, used 9301K [0x00000000d5580000, 0x00000000daa80000, 0x0000000100000000)
  eden space 65536K, 0% used [0x00000000d5580000,0x00000000d5580000,0x00000000d9580000)
  from space 10752K, 86% used [0x00000000da000000,0x00000000da915780,0x00000000daa80000)
  to   space 10752K, 0% used [0x00000000d9580000,0x00000000d9580000,0x00000000da000000)
 ParOldGen       total 175104K, used 24K [0x0000000080000000, 0x000000008ab00000, 0x00000000d5580000)
  object space 175104K, 0% used [0x0000000080000000,0x0000000080006000,0x000000008ab00000)
 Metaspace       used 14220K, capacity 14598K, committed 14976K, reserved 1062912K
  class space    used 1938K, capacity 2089K, committed 2176K, reserved 1048576K
}

Deoptimization events (10 events):
Event: 3.291 Thread 0x000000001b877000 Uncommon trap: reason=bimorphic action=maybe_recompile pc=0x00000000030ebcb0 method=java.util.HashMap.putVal(ILjava/lang/Object;Ljava/lang/Object;ZZ)Ljava/lang/Object; @ 253
Event: 3.291 Thread 0x000000001b877000 Uncommon trap: reason=bimorphic action=maybe_recompile pc=0x00000000030ebcb0 method=java.util.HashMap.putVal(ILjava/lang/Object;Ljava/lang/Object;ZZ)Ljava/lang/Object; @ 253
Event: 3.291 Thread 0x000000001b877000 Uncommon trap: reason=bimorphic action=maybe_recompile pc=0x00000000030ebcb0 method=java.util.HashMap.putVal(ILjava/lang/Object;Ljava/lang/Object;ZZ)Ljava/lang/Object; @ 253
Event: 3.291 Thread 0x000000001b877000 Uncommon trap: reason=bimorphic action=maybe_recompile pc=0x00000000030f400c method=java.util.HashMap.putVal(ILjava/lang/Object;Ljava/lang/Object;ZZ)Ljava/lang/Object; @ 253
Event: 3.598 Thread 0x000000001b877000 Uncommon trap: reason=class_check action=maybe_recompile pc=0x000000000315a218 method=java.util.regex.Matcher.match(II)Z @ 86
Event: 3.599 Thread 0x000000001b877000 Uncommon trap: reason=class_check action=maybe_recompile pc=0x000000000315a218 method=java.util.regex.Matcher.match(II)Z @ 86
Event: 3.599 Thread 0x000000001b877000 Uncommon trap: reason=class_check action=maybe_recompile pc=0x000000000315a218 method=java.util.regex.Matcher.match(II)Z @ 86
Event: 3.599 Thread 0x000000001b877000 Uncommon trap: reason=class_check action=maybe_recompile pc=0x0000000002faf59c method=java.util.regex.Matcher.match(II)Z @ 86
Event: 4.016 Thread 0x000000001b877000 Uncommon trap: reason=unstable_if action=reinterpret pc=0x0000000003156e5c method=java.io.File.getName()Ljava/lang/String; @ 16
Event: 4.415 Thread 0x000000001b877000 Uncommon trap: reason=unstable_if action=reinterpret pc=0x00000000032f3e00 method=java.util.HashMap.putVal(ILjava/lang/Object;Ljava/lang/Object;ZZ)Ljava/lang/Object; @ 236

Classes redefined (0 events):
No events

Internal exceptions (10 events):
Event: 3.216 Thread 0x000000001c697800 Exception <a 'java/lang/NoSuchMethodError': <clinit>> (0x00000000d78a56e8) thrown at [C:\src\AOSP-openjdk-git\hotspot\src\share\vm\prims\jni.cpp, line 1615]
Event: 3.217 Thread 0x000000001c697800 Exception <a 'java/lang/NoSuchMethodError': <clinit>> (0x00000000d78ae288) thrown at [C:\src\AOSP-openjdk-git\hotspot\src\share\vm\prims\jni.cpp, line 1615]
Event: 3.220 Thread 0x000000001c697800 Exception <a 'java/lang/NoSuchMethodError': <clinit>> (0x00000000d78c4730) thrown at [C:\src\AOSP-openjdk-git\hotspot\src\share\vm\prims\jni.cpp, line 1615]
Event: 3.231 Thread 0x000000001c697800 Exception <a 'java/lang/NoSuchMethodError': <clinit>> (0x00000000d791f138) thrown at [C:\src\AOSP-openjdk-git\hotspot\src\share\vm\prims\jni.cpp, line 1615]
Event: 3.237 Thread 0x000000001c697800 Exception <a 'java/lang/NoSuchMethodError': <clinit>> (0x00000000d794baf8) thrown at [C:\src\AOSP-openjdk-git\hotspot\src\share\vm\prims\jni.cpp, line 1615]
Event: 3.245 Thread 0x000000001c697800 Exception <a 'java/lang/NoSuchMethodError': <clinit>> (0x00000000d7978e48) thrown at [C:\src\AOSP-openjdk-git\hotspot\src\share\vm\prims\jni.cpp, line 1615]
Event: 3.246 Thread 0x000000001c697800 Exception <a 'java/lang/NoSuchMethodError': <clinit>> (0x00000000d7983ed0) thrown at [C:\src\AOSP-openjdk-git\hotspot\src\share\vm\prims\jni.cpp, line 1615]
Event: 4.154 Thread 0x000000001b877000 Exception <a 'java/lang/NoSuchMethodError': java.lang.Object.lambda$and$0(Ljava/util/function/Predicate;Ljava/lang/Object;)Z> (0x00000000d6dc82c0) thrown at [C:\src\AOSP-openjdk-git\hotspot\src\share\vm\interpreter\linkResolver.cpp, line 620]
Event: 4.169 Thread 0x000000001b877000 Exception <a 'java/lang/IncompatibleClassChangeError': Found class java.lang.Object, but interface was expected> (0x00000000d6dd8ab0) thrown at [C:\src\AOSP-openjdk-git\hotspot\src\share\vm\interpreter\linkResolver.cpp, line 653]
Event: 4.175 Thread 0x000000001b877000 Exception <a 'java/lang/NoSuchMethodError': java.lang.Object.lambda$or$2(Ljava/util/function/Predicate;Ljava/lang/Object;)Z> (0x00000000d6ddd9d0) thrown at [C:\src\AOSP-openjdk-git\hotspot\src\share\vm\interpreter\linkResolver.cpp, line 620]

Events (10 events):
Event: 4.953 loading class java/util/function/BooleanSupplier
Event: 4.954 loading class java/util/function/BooleanSupplier done
Event: 4.955 loading class org/gradle/internal/service/scopes/VirtualFileSystemServices$2$1
Event: 4.955 loading class org/gradle/internal/service/scopes/VirtualFileSystemServices$2$1 done
Event: 4.956 loading class org/gradle/internal/service/scopes/VirtualFileSystemServices$2$2
Event: 4.956 loading class org/gradle/internal/service/scopes/VirtualFileSystemServices$2$2 done
Event: 4.956 loading class java/lang/AbstractMethodError
Event: 4.956 loading class java/lang/AbstractMethodError done
Event: 4.956 loading class kotlin/jvm/KotlinReflectionNotSupportedError
Event: 4.956 loading class kotlin/jvm/KotlinReflectionNotSupportedError done


Dynamic libraries:
0x00007ff6df660000 - 0x00007ff6df691000 	C:\Program Files\Android\Android Studio\jre\bin\java.exe
0x00007ff87ee60000 - 0x00007ff87f050000 	C:\WINDOWS\SYSTEM32\ntdll.dll
0x00007ff8513d0000 - 0x00007ff8513e2000 	C:\Program Files\AVAST Software\Avast\aswhook.dll
0x00007ff87d650000 - 0x00007ff87d702000 	C:\WINDOWS\System32\KERNEL32.DLL
0x00007ff87cae0000 - 0x00007ff87cd85000 	C:\WINDOWS\System32\KERNELBASE.dll
0x00007ff87d5a0000 - 0x00007ff87d643000 	C:\WINDOWS\System32\ADVAPI32.dll
0x00007ff87e6b0000 - 0x00007ff87e74e000 	C:\WINDOWS\System32\msvcrt.dll
0x00007ff87d740000 - 0x00007ff87d7d7000 	C:\WINDOWS\System32\sechost.dll
0x00007ff87e9c0000 - 0x00007ff87eae0000 	C:\WINDOWS\System32\RPCRT4.dll
0x00007ff87cf90000 - 0x00007ff87d124000 	C:\WINDOWS\System32\USER32.dll
0x00007ff87c160000 - 0x00007ff87c181000 	C:\WINDOWS\System32\win32u.dll
0x00007ff87d710000 - 0x00007ff87d736000 	C:\WINDOWS\System32\GDI32.dll
0x00007ff87bdf0000 - 0x00007ff87bf86000 	C:\WINDOWS\System32\gdi32full.dll
0x00007ff87ce70000 - 0x00007ff87cf0e000 	C:\WINDOWS\System32\msvcp_win.dll
0x00007ff87bf90000 - 0x00007ff87c08a000 	C:\WINDOWS\System32\ucrtbase.dll
0x00007ff848950000 - 0x00007ff848bd4000 	C:\WINDOWS\WinSxS\amd64_microsoft.windows.common-controls_6595b64144ccf1df_6.0.18362.1139_none_9e7bf2d3e4605ac6\COMCTL32.dll
0x00007ff87eae0000 - 0x00007ff87ee15000 	C:\WINDOWS\System32\combase.dll
0x00007ff87cd90000 - 0x00007ff87ce10000 	C:\WINDOWS\System32\bcryptPrimitives.dll
0x00007ff87e990000 - 0x00007ff87e9be000 	C:\WINDOWS\System32\IMM32.DLL
0x00000000503b0000 - 0x0000000050482000 	C:\Program Files\Android\Android Studio\jre\jre\bin\msvcr100.dll
0x00000000777b0000 - 0x0000000077ffb000 	C:\Program Files\Android\Android Studio\jre\jre\bin\server\jvm.dll
0x00007ff87e6a0000 - 0x00007ff87e6a8000 	C:\WINDOWS\System32\PSAPI.DLL
0x00007ff86f170000 - 0x00007ff86f179000 	C:\WINDOWS\SYSTEM32\WSOCK32.dll
0x00007ff87de70000 - 0x00007ff87dedf000 	C:\WINDOWS\System32\WS2_32.dll
0x00007ff879840000 - 0x00007ff879864000 	C:\WINDOWS\SYSTEM32\WINMM.dll
0x00007ff872a90000 - 0x00007ff872a9a000 	C:\WINDOWS\SYSTEM32\VERSION.dll
0x00007ff879810000 - 0x00007ff87983d000 	C:\WINDOWS\SYSTEM32\WINMMBASE.dll
0x00007ff87c190000 - 0x00007ff87c1da000 	C:\WINDOWS\System32\cfgmgr32.dll
0x00007ff878270000 - 0x00007ff87827f000 	C:\Program Files\Android\Android Studio\jre\jre\bin\verify.dll
0x00007ff84a690000 - 0x00007ff84a6b9000 	C:\Program Files\Android\Android Studio\jre\jre\bin\java.dll
0x00007ff8754e0000 - 0x00007ff8754f6000 	C:\Program Files\Android\Android Studio\jre\jre\bin\zip.dll
0x00007ff87dfb0000 - 0x00007ff87e697000 	C:\WINDOWS\System32\SHELL32.dll
0x00007ff87ddb0000 - 0x00007ff87de59000 	C:\WINDOWS\System32\shcore.dll
0x00007ff87c1e0000 - 0x00007ff87c960000 	C:\WINDOWS\System32\windows.storage.dll
0x00007ff87bd80000 - 0x00007ff87bda3000 	C:\WINDOWS\System32\profapi.dll
0x00007ff87bd30000 - 0x00007ff87bd7a000 	C:\WINDOWS\System32\powrprof.dll
0x00007ff87bd20000 - 0x00007ff87bd30000 	C:\WINDOWS\System32\UMPDC.dll
0x00007ff87da20000 - 0x00007ff87da72000 	C:\WINDOWS\System32\shlwapi.dll
0x00007ff87bdd0000 - 0x00007ff87bde1000 	C:\WINDOWS\System32\kernel.appcore.dll
0x00007ff87c140000 - 0x00007ff87c157000 	C:\WINDOWS\System32\cryptsp.dll
0x00007ff874910000 - 0x00007ff87492a000 	C:\Program Files\Android\Android Studio\jre\jre\bin\net.dll
0x00007ff87b510000 - 0x00007ff87b577000 	C:\WINDOWS\system32\mswsock.dll
0x00007ff84a670000 - 0x00007ff84a683000 	C:\Program Files\Android\Android Studio\jre\jre\bin\nio.dll
0x00007ff83c770000 - 0x00007ff83c796000 	C:\Users\Lukas Kindt\.gradle\native\31\windows-amd64\native-platform.dll
0x00007ff878250000 - 0x00007ff87825d000 	C:\Program Files\Android\Android Studio\jre\jre\bin\management.dll
0x00007ff87b080000 - 0x00007ff87b0b3000 	C:\WINDOWS\system32\rsaenh.dll
0x00007ff87cab0000 - 0x00007ff87cad6000 	C:\WINDOWS\System32\bcrypt.dll
0x00007ff87bc40000 - 0x00007ff87bc65000 	C:\WINDOWS\SYSTEM32\USERENV.dll
0x00007ff87b6e0000 - 0x00007ff87b6ec000 	C:\WINDOWS\SYSTEM32\CRYPTBASE.dll
0x00007ff87b220000 - 0x00007ff87b25a000 	C:\WINDOWS\SYSTEM32\IPHLPAPI.DLL
0x00007ff87db00000 - 0x00007ff87db08000 	C:\WINDOWS\System32\NSI.dll
0x00007ff871860000 - 0x00007ff871876000 	C:\WINDOWS\SYSTEM32\dhcpcsvc6.DLL
0x00007ff871840000 - 0x00007ff87185c000 	C:\WINDOWS\SYSTEM32\dhcpcsvc.DLL
0x00007ff87b260000 - 0x00007ff87b32b000 	C:\WINDOWS\SYSTEM32\DNSAPI.dll

VM Arguments:
jvm_args: -Xmx2048m -Dfile.encoding=windows-1252 -Duser.country=US -Duser.language=en -Duser.variant 
java_command: org.gradle.launcher.daemon.bootstrap.GradleDaemon 6.1.1
java_class_path (initial): C:\Users\Lukas Kindt\.gradle\wrapper\dists\gradle-6.1.1-all\cfmwm155h49vnt3hynmlrsdst\gradle-6.1.1\lib\gradle-launcher-6.1.1.jar
Launcher Type: SUN_STANDARD

Environment Variables:
JAVA_HOME=C:\Users\Lukas Kindt\Desktop\git\java-g034\jars; C:\Program Files\Java\jre1.8.0_241
PATH=C:\Program Files (x86)\Common Files\Oracle\Java\javapath;C:\Program Files (x86)\Intel\iCLS Client\;C:\Program Files\Intel\iCLS Client\;C:\WINDOWS\system32;C:\WINDOWS;C:\WINDOWS\System32\Wbem;C:\WINDOWS\System32\WindowsPowerShell\v1.0\;C:\WINDOWS\System32\OpenSSH\;C:\Program Files\Microsoft VS Code\bin;C:\Program Files\PuTTY\;C:\Program Files\dotnet\;C:\Program Files\Microsoft SQL Server\130\Tools\Binn\;C:\Program Files\Microsoft SQL Server\Client SDK\ODBC\170\Tools\Binn\;C:\Program Files\Microsoft SQL Server\Client SDK\ODBC\130\Tools\Binn\;C:\Program Files (x86)\Microsoft SQL Server\140\Tools\Binn\;C:\Program Files\Microsoft SQL Server\140\Tools\Binn\;C:\Program Files\Microsoft SQL Server\140\DTS\Binn\;C:\Program Files (x86)\Microsoft SQL Server\140\DTS\Binn\;C:\Program Files (x86)\Microsoft SQL Server\150\DTS\Binn\;C:\ProgramData\chocolatey\bin;C:\Program Files\Git\cmd;C:\Program Files\Git\mingw64\bin;C:\Program Files\Git\usr\bin;C:\Program Files\nodejs\;C:\Program Files (x86)\Microsoft SQL Server\110\DTS\Binn\;C:\Program Files (x86)\Microsoft SQL Server\120\DTS\Binn\;C:\Program Files (x86)\Microsoft SQL Server\130\DTS\Binn\;C:\Users\Lukas Kindt\AppData\Local\Microsoft\WindowsApps;C:\Users\Lukas Kindt\AppData\Local\Programs\MiKTeX 2.9\miktex\bin\x64\;C:\Users\Lukas Kindt\AppData\Roaming\npm;C:\Users\Lukas Kindt\.dotnet\tools
USERNAME=Lukas Kindt
OS=Windows_NT
PROCESSOR_IDENTIFIER=Intel64 Family 6 Model 158 Stepping 9, GenuineIntel



---------------  S Y S T E M  ---------------

OS: Windows 10.0 , 64 bit Build 18362 (10.0.18362.1110)

CPU:total 8 (initial active 8) (4 cores per cpu, 2 threads per core) family 6 model 158 stepping 9, cmov, cx8, fxsr, mmx, sse, sse2, sse3, ssse3, sse4.1, sse4.2, popcnt, avx, avx2, aes, clmul, erms, 3dnowpref, lzcnt, ht, tsc, tscinvbit, bmi1, bmi2, adx

Memory: 4k page, physical 16671964k(4009928k free), swap 21823696k(3708k free)

vm_info: OpenJDK 64-Bit Server VM (25.242-b01) for windows-amd64 JRE (1.8.0_242-release-1644-b01), built by "builder" with MS VC++ 10.0 (VS2010)

time: Mon Oct 26 15:21:52 2020
timezone: Romance Standard Time
elapsed time: 4 seconds (0d 0h 0m 4s)

